2020-11-07 13:34:32 error: user registration failed
2020-11-07 14:59:41 error: user registration failed
2020-11-07 14:59:58 error: user registration failed
2020-11-07 15:00:18 error: E11000 duplicate key error collection: <dbname>.users index: email_1 dup key: { email: "texts@mail.com" }
2020-11-07 15:00:29 error: E11000 duplicate key error collection: <dbname>.users index: email_1 dup key: { email: "texts@mail.com" }
2020-11-07 15:00:36 error: Expected "payload" to be a plain object.
2020-11-07 15:00:56 error: E11000 duplicate key error collection: <dbname>.users index: username_1 dup key: { username: "textdss@mail.com" }
2020-11-07 15:01:00 error: Expected "payload" to be a plain object.
2020-11-07 15:01:03 error: E11000 duplicate key error collection: <dbname>.users index: username_1 dup key: { username: "textdddddss@mail.com" }
2020-11-07 15:01:22 error: Expected "payload" to be a plain object.
2020-11-07 16:25:14 error: data and hash arguments required
2020-11-08 10:32:47 error: E11000 duplicate key error collection: <dbname>.users index: username_1 dup key: { username: "test" }
2020-11-08 10:33:42 error: E11000 duplicate key error collection: <dbname>.users index: username_1 dup key: { username: "test" }
2020-11-08 10:34:53 error: E11000 duplicate key error collection: <dbname>.users index: username_1 dup key: { username: "test" }
2020-11-08 10:34:56 error: E11000 duplicate key error collection: <dbname>.users index: username_1 dup key: { username: "test" }
2020-11-08 10:34:57 error: E11000 duplicate key error collection: <dbname>.users index: username_1 dup key: { username: "test" }
2020-11-08 10:36:10 error: E11000 duplicate key error collection: <dbname>.users index: username_1 dup key: { username: "test" }
2020-11-08 10:36:13 error: E11000 duplicate key error collection: <dbname>.users index: username_1 dup key: { username: "test" }
2020-11-08 10:36:14 error: E11000 duplicate key error collection: <dbname>.users index: username_1 dup key: { username: "test" }
2020-11-08 10:36:25 error: E11000 duplicate key error collection: <dbname>.users index: username_1 dup key: { username: "test" }
2020-11-08 10:38:42 error: E11000 duplicate key error collection: <dbname>.users index: username_1 dup key: { username: "test" }
2020-11-08 10:51:40 error: E11000 duplicate key error collection: <dbname>.users index: username_1 dup key: { username: "test" }
